<?xml version="1.0" encoding="UTF-8"?>
<!-- Generated by org.testng.reporters.JUnitXMLReporter -->
<testsuite ignored="0" hostname="LIN-5CG51801D0" failures="1" tests="4" name="Test" time="0.11" errors="0" timestamp="2025-07-22T11:18:24 IST">
  <testcase classname="demo.testngdemo.TestNGDemo1" name="loginTest" time="0.014"/>
  <testcase classname="demo.testngdemo.TestNGDemo1" name="searchTest" time="0.003"/>
  <testcase classname="demo.testngdemo.TestNGDemo1" name="logoutTest" time="0.001"/>
  <testcase classname="demo.testngdemo.StringTest" name="testCharCount" time="0.011">
    <failure type="java.lang.AssertionError" message="expected [6] but found [7]">
      <![CDATA[java.lang.AssertionError: expected [6] but found [7]
at demo.testngdemo.StringTest.testCharCount(StringTest.java:12)
at java.base/java.util.ArrayList.forEach(ArrayList.java:1596)
... Removed 32 stack frames]]>
    </failure>
  </testcase> <!-- testCharCount -->
</testsuite> <!-- Test -->
