<?xml version="1.0" encoding="UTF-8"?>
<!-- Generated by org.testng.reporters.JUnitXMLReporter -->
<testsuite ignored="0" hostname="LIN-5CG51801D0" failures="0" tests="3" name="Default test" time="0.111" errors="0" timestamp="2025-07-22T11:13:03 IST">
  <testcase classname="demo.testngdemo.TestNGDemo1" name="loginTest" time="0.027"/>
  <testcase classname="demo.testngdemo.TestNGDemo1" name="searchTest" time="0.002"/>
  <testcase classname="demo.testngdemo.TestNGDemo1" name="logoutTest" time="0.002"/>
</testsuite> <!-- Default test -->
